nohup: ignoring input
calculating for K=3
Starting calculation at 2017-05-22 20:28:35.582667
for beta = 0.8 at 2017-05-22 20:28:35.582744
-15.0
-14.2307692308
-13.4615384615
-12.6923076923
-11.9230769231
-11.1538461538
-10.3846153846
-9.61538461538
-8.84615384615
-8.07692307692
-7.30769230769
-6.53846153846
-5.76923076923
-5.0
-4.23076923077
-3.46153846154
-2.69230769231
-1.92307692308
-1.15384615385
-0.384615384615
0.384615384615
1.15384615385
1.92307692308
2.69230769231
3.46153846154
4.23076923077
5.0
5.76923076923
6.53846153846
7.30769230769
8.07692307692
8.84615384615
9.61538461538
10.3846153846
11.1538461538
11.9230769231
12.6923076923
13.4615384615
14.2307692308
15.0
for beta = 0.4 at 2017-05-22 23:41:25.857093
-15.0
-14.2307692308
-13.4615384615
-12.6923076923
-11.9230769231
-11.1538461538
-10.3846153846
-9.61538461538
-8.84615384615
-8.07692307692
-7.30769230769
-6.53846153846
-5.76923076923
-5.0
-4.23076923077
-3.46153846154
-2.69230769231
-1.92307692308
-1.15384615385
-0.384615384615
0.384615384615
1.15384615385
1.92307692308
2.69230769231
3.46153846154
4.23076923077
5.0
5.76923076923
6.53846153846
7.30769230769
8.07692307692
8.84615384615
9.61538461538
10.3846153846
11.1538461538
11.9230769231
12.6923076923
13.4615384615
14.2307692308
15.0
for beta = 0.1 at 2017-05-23 03:14:33.757567
-15.0
-14.2307692308
-13.4615384615
-12.6923076923
-11.9230769231
-11.1538461538
-10.3846153846
-9.61538461538
-8.84615384615
-8.07692307692
-7.30769230769
-6.53846153846
-5.76923076923
-5.0
-4.23076923077
-3.46153846154
-2.69230769231
-1.92307692308
-1.15384615385
-0.384615384615
0.384615384615
1.15384615385
1.92307692308
2.69230769231
3.46153846154
4.23076923077
5.0
5.76923076923
6.53846153846
7.30769230769
8.07692307692
8.84615384615
9.61538461538
10.3846153846
11.1538461538
11.9230769231
12.6923076923
13.4615384615
14.2307692308
15.0
finished calculation at 2017-05-23 07:58:59.968117
