nohup: ignoring input
calculating for K=3
Starting calculation at 2017-05-21 20:54:36.297846
for beta = 0.8 at 2017-05-21 20:54:36.297919
-10.0
-8.94736842105
-7.89473684211
-6.84210526316
-5.78947368421
-4.73684210526
-3.68421052632
-2.63157894737
-1.57894736842
-0.526315789474
0.526315789474
1.57894736842
2.63157894737
3.68421052632
4.73684210526
5.78947368421
6.84210526316
7.89473684211
8.94736842105
10.0
for beta = 0.4 at 2017-05-21 21:55:19.650147
-10.0
-8.94736842105
-7.89473684211
-6.84210526316
-5.78947368421
-4.73684210526
-3.68421052632
-2.63157894737
-1.57894736842
-0.526315789474
0.526315789474
1.57894736842
2.63157894737
3.68421052632
4.73684210526
5.78947368421
6.84210526316
7.89473684211
8.94736842105
10.0
for beta = 0.1 at 2017-05-21 22:30:57.529010
-10.0
-8.94736842105
-7.89473684211
-6.84210526316
-5.78947368421
-4.73684210526
-3.68421052632
-2.63157894737
-1.57894736842
